10000 0.000000
20000 1.400000
30000 5.600000
40000 2.800000
50000 3.200000
60000 5.200000
70000 4.800000
80000 8.000000
90000 7.400000
100000 9.600000
110000 10.200000
120000 10.200000
130000 13.800000
140000 11.200000
150000 14.000000
160000 11.200000
170000 14.600000
180000 14.600000
190000 16.600000
200000 17.400000
210000 17.600000
220000 20.000000
230000 21.400000
240000 19.200000
250000 20.800000
260000 24.000000
270000 24.800000
280000 23.200000
290000 24.400000
300000 24.200000
310000 25.800000
320000 26.200000
330000 25.800000
340000 28.800000
350000 31.000000
360000 29.200000
370000 30.200000
380000 33.600000
390000 36.600000
400000 35.400000
410000 37.000000
420000 33.800000
430000 39.200000
440000 39.200000
450000 37.200000
460000 37.200000
470000 40.000000
480000 40.200000
490000 44.000000
500000 43.000000
510000 41.800000
520000 41.000000
530000 43.600000
540000 43.200000
550000 48.200000
560000 48.600000
570000 48.000000
580000 48.200000
590000 51.600000
600000 51.600000
610000 52.000000
620000 50.000000
630000 56.200000
640000 56.200000
650000 54.600000
660000 56.400000
670000 57.600000
680000 58.600000
690000 57.000000
700000 59.400000
710000 64.000000
720000 59.200000
730000 62.600000
740000 61.400000
750000 62.200000
760000 63.400000
770000 64.000000
780000 64.600000
790000 70.000000
800000 66.200000
810000 68.600000
820000 67.600000
830000 70.600000
840000 72.200000
850000 72.200000
860000 73.600000
870000 72.400000
880000 85.400000
890000 75.400000
900000 77.200000
910000 78.600000
920000 79.200000
930000 79.000000
940000 80.200000
950000 83.400000
960000 81.800000
970000 85.000000
980000 80.600000
990000 85.200000
1000000 86.400000
