10000 1.800000
20000 1.600000
30000 3.200000
40000 4.800000
50000 6.400000
60000 6.600000
70000 8.000000
80000 12.800000
90000 11.400000
100000 11.600000
110000 16.200000
120000 16.400000
130000 15.600000
140000 19.200000
150000 17.600000
160000 21.400000
170000 24.000000
180000 24.000000
190000 22.400000
200000 24.000000
210000 24.000000
220000 24.000000
230000 25.800000
240000 29.200000
250000 30.000000
260000 30.400000
270000 32.000000
280000 33.600000
290000 35.000000
300000 36.000000
310000 41.200000
320000 37.000000
330000 40.200000
340000 44.000000
350000 41.600000
360000 43.200000
370000 44.800000
380000 46.800000
390000 47.600000
400000 46.600000
410000 48.000000
420000 52.800000
430000 48.400000
440000 49.600000
450000 52.800000
460000 55.200000
470000 57.600000
480000 58.400000
490000 59.200000
500000 58.000000
510000 60.800000
520000 62.200000
530000 65.000000
540000 62.800000
550000 61.200000
560000 65.200000
570000 66.400000
580000 70.200000
590000 68.600000
600000 72.200000
610000 70.600000
620000 71.200000
630000 71.600000
640000 75.400000
650000 75.400000
660000 75.400000
670000 79.200000
680000 79.200000
690000 79.000000
700000 80.800000
710000 84.800000
720000 82.400000
730000 85.200000
740000 86.800000
750000 89.200000
760000 85.200000
770000 89.800000
780000 88.400000
790000 91.600000
800000 91.400000
810000 95.400000
820000 88.200000
830000 96.200000
840000 94.400000
850000 96.200000
860000 99.600000
870000 99.800000
880000 109.000000
890000 100.400000
900000 102.800000
910000 104.600000
920000 106.000000
930000 109.000000
940000 108.800000
950000 110.000000
960000 109.200000
970000 111.000000
980000 117.000000
990000 111.400000
1000000 116.000000
