26168
10489
11690
28971
18583
22649
12947
25203
17908
30974
25193
3326
19824
11642
17259
20703
9820
10565
24474
25567
29682
29959
1555
23933
8514
31447
13979
17459
18798
7588
27516
32763
28698
24532
13712
22034
7711
23852
24219
20988
13951
7152
1501
16328
6046
31051
27368
7061
23727
13552
Right is 47, piv is 31447
26168
10489
11690
28971
18583
22649
12947
25203
17908
30974
25193
3326
19824
11642
17259
20703
9820
10565
24474
25567
29682
29959
1555
23933
8514
13552
13979
17459
18798
7588
27516
23727
28698
24532
13712
22034
7711
23852
24219
20988
13951
7152
1501
16328
6046
31051
27368
Right is 30, piv is 23933
6046
10489
11690
16328
18583
22649
12947
1501
17908
7152
13951
3326
19824
11642
17259
20703
9820
10565
20988
23852
7711
22034
1555
13712
8514
13552
13979
17459
18798
7588
Right is 24, piv is 20703
6046
10489
11690
16328
18583
7588
12947
1501
17908
7152
13951
3326
19824
11642
17259
18798
9820
10565
17459
13979
7711
13552
1555
13712
Right is 22, piv is 19824
6046
10489
11690
16328
18583
7588
12947
1501
17908
7152
13951
3326
13712
11642
17259
18798
9820
10565
17459
13979
7711
13552
Right is 1, piv is 3326
3326
---------------------------------------
3326
1501
11690
16328
18583
7588
12947
10489
17908
7152
13951
6046
13712
11642
17259
18798
9820
10565
17459
13979
7711
13552
Right is 1, piv is 6046
1501
---------------------------------------
1501
6046
16328
18583
7588
12947
10489
17908
7152
13951
11690
13712
11642
17259
18798
9820
10565
17459
13979
7711
13552
Right is 10, piv is 13712
6046
13552
7711
7588
12947
10489
10565
7152
9820
11690
Right is 5, piv is 10489
6046
9820
7711
7588
7152
Right is 2, piv is 7711
6046
7152
---------------------------------------
6046
7152
7588
7711
9820
Right is 1, piv is 7711
7588
---------------------------------------
7588
7711
9820
---------------------------------------
7711
9820
---------------------------------------
7588
7711
9820
---------------------------------------
6046
7152
7588
7711
9820
10489
10565
12947
13552
11690
Right is 3, piv is 12947
10489
10565
11690
Right is 1, piv is 10565
10489
---------------------------------------
10489
10565
11690
---------------------------------------
10565
11690
---------------------------------------
10489
10565
11690
13552
12947
---------------------------------------
12947
13552
---------------------------------------
10489
10565
11690
12947
13552
---------------------------------------
6046
7152
7588
7711
9820
10489
10565
11690
12947
13552
11642
13712
17259
18798
13951
17908
17459
13979
18583
16328
Right is 6, piv is 17908
11642
13712
17259
16328
13951
13979
Right is 3, piv is 16328
11642
13712
13979
Right is 1, piv is 13712
11642
---------------------------------------
11642
13712
13979
---------------------------------------
13712
13979
---------------------------------------
11642
13712
13979
13951
16328
17259
Right is 1, piv is 16328
13951
---------------------------------------
13951
16328
17259
---------------------------------------
16328
17259
---------------------------------------
13951
16328
17259
---------------------------------------
11642
13712
13979
13951
16328
17259
17459
17908
18583
18798
Right is 2, piv is 18583
17459
17908
---------------------------------------
17459
17908
18583
18798
---------------------------------------
18583
18798
---------------------------------------
17459
17908
18583
18798
---------------------------------------
11642
13712
13979
13951
16328
17259
17459
17908
18583
18798
---------------------------------------
6046
7152
7588
7711
9820
10489
10565
11690
12947
13552
11642
13712
13979
13951
16328
17259
17459
17908
18583
18798
---------------------------------------
1501
6046
7152
7588
7711
9820
10489
10565
11690
12947
13552
11642
13712
13979
13951
16328
17259
17459
17908
18583
18798
---------------------------------------
3326
1501
6046
7152
7588
7711
9820
10489
10565
11690
12947
13552
11642
13712
13979
13951
16328
17259
17459
17908
18583
18798
1555
19824
---------------------------------------
1555
19824
---------------------------------------
3326
1501
6046
7152
7588
7711
9820
10489
10565
11690
12947
13552
11642
13712
13979
13951
16328
17259
17459
17908
18583
18798
1555
19824
8514
22034
23852
20988
20703
22649
Right is 2, piv is 20988
8514
20703
---------------------------------------
8514
20703
20988
23852
22034
22649
Right is 1, piv is 22034
20988
---------------------------------------
20988
22034
23852
22649
Right is 1, piv is 23852
22034
---------------------------------------
22034
22649
23852
---------------------------------------
22649
23852
---------------------------------------
22034
22649
23852
---------------------------------------
20988
22034
22649
23852
---------------------------------------
8514
20703
20988
22034
22649
23852
---------------------------------------
3326
1501
6046
7152
7588
7711
9820
10489
10565
11690
12947
13552
11642
13712
13979
13951
16328
17259
17459
17908
18583
18798
1555
19824
8514
20703
20988
22034
22649
23852
23727
27516
28698
24532
23933
29959
29682
25567
24219
24474
25193
30974
25203
28971
26168
31051
27368
Right is 3, piv is 24219
23727
24219
23933
Right is 1, piv is 24219
23727
---------------------------------------
23727
23933
24219
---------------------------------------
23933
24219
---------------------------------------
23727
23933
24219
24532
28698
29959
29682
25567
27516
24474
25193
30974
25203
28971
26168
31051
27368
Right is 2, piv is 25193
24532
25193
---------------------------------------
24532
25193
24474
29682
25567
27516
29959
28698
30974
25203
28971
26168
31051
27368
Right is 9, piv is 30974
24474
29682
25567
27516
29959
28698
27368
25203
28971
Right is 7, piv is 29959
24474
29682
25567
27516
28971
28698
27368
Right is 3, piv is 27516
24474
27368
25567
Right is 1, piv is 27368
24474
---------------------------------------
24474
25567
27368
---------------------------------------
25567
27368
---------------------------------------
24474
25567
27368
27516
28971
28698
29682
Right is 1, piv is 28698
27516
---------------------------------------
27516
28698
28971
29682
Right is 1, piv is 28971
28698
---------------------------------------
28698
28971
29682
---------------------------------------
28971
29682
---------------------------------------
28698
28971
29682
---------------------------------------
27516
28698
28971
29682
---------------------------------------
24474
25567
27368
27516
28698
28971
29682
25203
29959
---------------------------------------
25203
29959
---------------------------------------
24474
25567
27368
27516
28698
28971
29682
25203
29959
26168
31051
30974
Right is 1, piv is 31051
26168
---------------------------------------
26168
30974
31051
---------------------------------------
30974
31051
---------------------------------------
26168
30974
31051
---------------------------------------
24474
25567
27368
27516
28698
28971
29682
25203
29959
26168
30974
31051
---------------------------------------
24532
25193
24474
25567
27368
27516
28698
28971
29682
25203
29959
26168
30974
31051
---------------------------------------
23727
23933
24219
24532
25193
24474
25567
27368
27516
28698
28971
29682
25203
29959
26168
30974
31051
---------------------------------------
3326
1501
6046
7152
7588
7711
9820
10489
10565
11690
12947
13552
11642
13712
13979
13951
16328
17259
17459
17908
18583
18798
1555
19824
8514
20703
20988
22034
22649
23852
23727
23933
24219
24532
25193
24474
25567
27368
27516
28698
28971
29682
25203
29959
26168
30974
31051
7061
32763
31447
Right is 1, piv is 32763
7061
---------------------------------------
7061
31447
32763
---------------------------------------
31447
32763
---------------------------------------
7061
31447
32763
---------------------------------------
3326
1501
6046
7152
7588
7711
9820
10489
10565
11690
12947
13552
11642
13712
13979
13951
16328
17259
17459
17908
18583
18798
1555
19824
8514
20703
20988
22034
22649
23852
23727
23933
24219
24532
25193
24474
25567
27368
27516
28698
28971
29682
25203
29959
26168
30974
31051
7061
31447
32763
3326 1501
