10000 2.200000
20000 3.800000
30000 5.800000
40000 8.000000
50000 11.200000
60000 13.400000
70000 16.400000
80000 17.800000
90000 19.600000
100000 23.000000
110000 25.000000
120000 28.200000
130000 29.200000
140000 32.600000
150000 34.400000
160000 36.200000
170000 39.400000
180000 42.800000
190000 44.200000
200000 47.400000
210000 51.200000
220000 52.800000
230000 56.600000
240000 59.800000
250000 62.200000
260000 63.000000
270000 67.400000
280000 70.000000
290000 71.600000
300000 76.800000
310000 78.000000
320000 79.400000
330000 82.800000
340000 85.600000
350000 88.200000
360000 89.600000
370000 93.600000
380000 98.600000
390000 100.200000
400000 101.400000
410000 105.600000
420000 110.800000
430000 112.000000
440000 115.800000
450000 116.800000
460000 120.000000
470000 122.400000
480000 125.200000
490000 130.800000
500000 134.800000
510000 137.000000
520000 138.000000
530000 139.400000
540000 146.000000
550000 148.400000
560000 148.600000
570000 150.400000
580000 154.200000
590000 164.000000
600000 159.600000
610000 167.600000
620000 165.200000
630000 170.800000
640000 172.600000
650000 173.600000
660000 182.200000
670000 180.000000
680000 187.200000
690000 187.600000
700000 188.400000
710000 193.200000
720000 195.400000
730000 198.600000
740000 199.200000
750000 204.000000
760000 206.000000
770000 215.200000
780000 226.400000
790000 217.600000
800000 221.600000
810000 223.800000
820000 226.400000
830000 228.600000
840000 238.000000
850000 236.000000
860000 235.000000
870000 249.200000
880000 246.000000
890000 247.200000
900000 251.200000
910000 252.600000
920000 254.800000
930000 262.000000
940000 261.200000
950000 265.400000
960000 265.000000
970000 269.000000
980000 274.200000
990000 275.400000
1000000 280.200000
