10000 1.000000
20000 3.600000
30000 5.200000
40000 8.000000
50000 9.600000
60000 11.600000
70000 13.800000
80000 15.800000
90000 18.200000
100000 22.000000
110000 23.000000
120000 24.800000
130000 28.000000
140000 29.400000
150000 32.200000
160000 34.600000
170000 37.000000
180000 38.800000
190000 41.600000
200000 44.400000
210000 46.000000
220000 50.000000
230000 50.600000
240000 52.800000
250000 55.600000
260000 58.800000
270000 61.800000
280000 63.600000
290000 66.800000
300000 68.800000
310000 71.000000
320000 73.200000
330000 76.000000
340000 78.200000
350000 82.600000
360000 83.200000
370000 85.000000
380000 91.800000
390000 91.200000
400000 93.800000
410000 98.200000
420000 101.800000
430000 102.000000
440000 104.600000
450000 108.200000
460000 108.800000
470000 113.600000
480000 113.600000
490000 116.400000
500000 121.400000
510000 123.000000
520000 126.000000
530000 128.000000
540000 130.600000
550000 134.800000
560000 138.600000
570000 140.600000
580000 145.200000
590000 147.400000
600000 147.600000
610000 150.000000
620000 153.000000
630000 155.800000
640000 159.000000
650000 160.200000
660000 168.000000
670000 167.400000
680000 170.000000
690000 171.600000
700000 195.000000
710000 177.000000
720000 179.600000
730000 184.600000
740000 186.600000
750000 191.000000
760000 194.000000
770000 198.000000
780000 199.800000
790000 204.600000
800000 205.600000
810000 210.600000
820000 212.200000
830000 215.400000
840000 216.200000
850000 223.200000
860000 271.400000
870000 255.800000
880000 250.800000
890000 258.200000
900000 236.400000
910000 237.200000
920000 242.200000
930000 246.000000
940000 245.400000
950000 249.800000
960000 250.000000
970000 268.400000
980000 308.800000
990000 262.200000
1000000 263.000000
