10000 2.000000
20000 3.800000
30000 6.000000
40000 7.800000
50000 10.200000
60000 12.800000
70000 15.200000
80000 17.800000
90000 20.200000
100000 23.200000
110000 24.600000
120000 26.200000
130000 29.200000
140000 32.400000
150000 34.200000
160000 36.600000
170000 39.200000
180000 42.200000
190000 44.000000
200000 46.800000
210000 50.800000
220000 52.200000
230000 55.800000
240000 57.000000
250000 59.600000
260000 63.000000
270000 67.600000
280000 68.000000
290000 71.000000
300000 74.000000
310000 75.800000
320000 81.000000
330000 82.000000
340000 84.200000
350000 86.600000
360000 89.800000
370000 91.600000
380000 95.400000
390000 99.000000
400000 101.600000
410000 102.600000
420000 106.800000
430000 108.200000
440000 112.000000
450000 113.400000
460000 118.800000
470000 120.400000
480000 125.600000
490000 124.000000
500000 128.800000
510000 132.600000
520000 134.600000
530000 137.200000
540000 138.600000
550000 142.000000
560000 145.000000
570000 147.600000
580000 151.800000
590000 155.600000
600000 157.400000
610000 159.600000
620000 164.400000
630000 165.200000
640000 167.800000
650000 167.600000
660000 173.600000
670000 177.400000
680000 176.200000
690000 183.200000
700000 187.000000
710000 188.600000
720000 191.200000
730000 194.200000
740000 202.800000
750000 196.200000
760000 200.800000
770000 205.200000
780000 212.200000
790000 214.000000
800000 216.000000
810000 216.200000
820000 222.400000
830000 227.600000
840000 226.200000
850000 235.000000
860000 235.200000
870000 238.200000
880000 240.800000
890000 241.000000
900000 242.800000
910000 249.000000
920000 250.400000
930000 261.400000
940000 259.200000
950000 261.000000
960000 262.400000
970000 266.400000
980000 267.400000
990000 272.400000
1000000 273.800000
