10000 2.000000
20000 3.400000
30000 5.400000
40000 8.200000
50000 10.200000
60000 12.400000
70000 13.600000
80000 16.600000
90000 19.000000
100000 20.800000
110000 23.800000
120000 26.000000
130000 27.400000
140000 30.000000
150000 33.000000
160000 34.800000
170000 36.600000
180000 40.600000
190000 43.600000
200000 44.800000
210000 47.200000
220000 50.600000
230000 52.200000
240000 53.800000
250000 56.800000
260000 61.200000
270000 61.800000
280000 64.800000
290000 67.000000
300000 70.400000
310000 73.600000
320000 76.200000
330000 77.800000
340000 81.200000
350000 85.000000
360000 87.400000
370000 91.400000
380000 92.600000
390000 94.000000
400000 95.200000
410000 99.800000
420000 101.600000
430000 104.600000
440000 107.000000
450000 109.200000
460000 110.800000
470000 115.000000
480000 117.600000
490000 121.000000
500000 122.800000
510000 125.000000
520000 127.800000
530000 130.200000
540000 133.600000
550000 136.400000
560000 141.000000
570000 142.200000
580000 145.000000
590000 147.400000
600000 150.000000
610000 154.400000
620000 157.400000
630000 160.200000
640000 160.600000
650000 167.600000
660000 167.400000
670000 169.600000
680000 173.400000
690000 176.000000
700000 177.200000
710000 184.600000
720000 184.400000
730000 187.400000
740000 189.000000
750000 195.800000
760000 194.800000
770000 201.000000
780000 202.000000
790000 207.000000
800000 208.400000
810000 212.200000
820000 216.200000
830000 218.800000
840000 221.000000
850000 221.200000
860000 224.800000
870000 228.400000
880000 232.800000
890000 233.200000
900000 235.600000
910000 241.400000
920000 241.600000
930000 243.200000
940000 250.200000
950000 249.600000
960000 254.800000
970000 255.800000
980000 260.800000
990000 263.000000
1000000 268.000000
