10000 1.200000
20000 3.000000
30000 4.200000
40000 5.600000
50000 6.200000
60000 7.200000
70000 8.800000
80000 9.800000
90000 11.600000
100000 12.600000
110000 14.200000
120000 15.200000
130000 17.600000
140000 18.400000
150000 19.800000
160000 21.200000
170000 22.800000
180000 23.000000
190000 25.600000
200000 27.000000
210000 28.200000
220000 31.800000
230000 32.000000
240000 32.600000
250000 33.800000
260000 35.200000
270000 37.200000
280000 38.800000
290000 40.400000
300000 43.400000
310000 44.000000
320000 44.600000
330000 46.200000
340000 47.200000
350000 49.200000
360000 50.200000
370000 51.600000
380000 54.000000
390000 54.400000
400000 57.400000
410000 57.800000
420000 59.000000
430000 60.800000
440000 62.400000
450000 63.600000
460000 65.600000
470000 67.000000
480000 68.800000
490000 68.600000
500000 71.600000
510000 72.400000
520000 73.600000
530000 77.000000
540000 78.400000
550000 78.400000
560000 80.800000
570000 82.600000
580000 89.800000
590000 85.000000
600000 86.600000
610000 86.600000
620000 89.400000
630000 89.000000
640000 93.000000
650000 92.400000
660000 94.600000
670000 96.400000
680000 97.400000
690000 99.800000
700000 102.200000
710000 103.200000
720000 101.800000
730000 105.400000
740000 106.400000
750000 107.800000
760000 113.800000
770000 116.000000
780000 117.400000
790000 118.800000
800000 122.800000
810000 122.800000
820000 124.600000
830000 121.600000
840000 122.600000
850000 123.200000
860000 159.000000
870000 200.800000
880000 211.800000
890000 207.600000
900000 210.000000
910000 210.400000
920000 213.400000
930000 224.200000
940000 223.400000
950000 226.800000
960000 139.000000
970000 141.200000
980000 143.400000
990000 145.800000
1000000 143.400000
