10000 1.600000
20000 1.800000
30000 8.000000
40000 1.600000
50000 4.800000
60000 8.800000
70000 4.600000
80000 8.000000
90000 8.600000
100000 10.800000
110000 10.400000
120000 14.600000
130000 12.000000
140000 12.800000
150000 12.800000
160000 12.800000
170000 15.800000
180000 16.800000
190000 19.600000
200000 19.400000
210000 20.800000
220000 23.200000
230000 23.800000
240000 23.600000
250000 25.000000
260000 23.800000
270000 28.400000
280000 25.600000
290000 27.800000
300000 29.400000
310000 27.000000
320000 30.400000
330000 31.800000
340000 32.200000
350000 32.200000
360000 37.800000
370000 40.800000
380000 38.200000
390000 36.800000
400000 38.000000
410000 40.200000
420000 39.800000
430000 40.000000
440000 45.200000
450000 41.200000
460000 46.800000
470000 45.200000
480000 45.600000
490000 50.400000
500000 50.000000
510000 48.000000
520000 51.600000
530000 50.000000
540000 51.000000
550000 50.400000
560000 53.600000
570000 53.000000
580000 55.200000
590000 54.400000
600000 58.000000
610000 57.800000
620000 61.400000
630000 59.400000
640000 57.600000
650000 61.000000
660000 62.600000
670000 62.200000
680000 62.600000
690000 65.800000
700000 66.000000
710000 66.800000
720000 69.000000
730000 66.400000
740000 70.800000
750000 72.600000
760000 71.800000
770000 74.400000
780000 71.800000
790000 72.600000
800000 74.800000
810000 75.000000
820000 75.400000
830000 74.800000
840000 80.200000
850000 77.600000
860000 80.000000
870000 83.400000
880000 81.200000
890000 84.000000
900000 85.400000
910000 81.600000
920000 86.600000
930000 87.000000
940000 90.200000
950000 88.200000
960000 94.600000
970000 91.400000
980000 94.000000
990000 89.800000
1000000 96.200000
