10000 0.000000
20000 1.600000
30000 6.400000
40000 2.000000
50000 4.800000
60000 3.200000
70000 4.800000
80000 7.000000
90000 6.600000
100000 7.600000
110000 9.600000
120000 10.600000
130000 12.800000
140000 13.600000
150000 11.200000
160000 13.200000
170000 16.800000
180000 16.000000
190000 16.000000
200000 16.600000
210000 19.400000
220000 20.600000
230000 20.800000
240000 19.200000
250000 21.400000
260000 23.000000
270000 23.000000
280000 26.800000
290000 25.600000
300000 30.600000
310000 25.600000
320000 26.200000
330000 29.000000
340000 27.400000
350000 30.400000
360000 31.000000
370000 29.800000
380000 32.200000
390000 35.800000
400000 32.000000
410000 34.400000
420000 35.200000
430000 35.600000
440000 38.400000
450000 38.200000
460000 39.800000
470000 41.600000
480000 43.600000
490000 41.600000
500000 43.800000
510000 45.800000
520000 44.600000
530000 45.400000
540000 46.200000
550000 48.000000
560000 48.000000
570000 50.400000
580000 49.400000
590000 51.400000
600000 49.800000
610000 50.400000
620000 52.800000
630000 53.600000
640000 53.200000
650000 54.600000
660000 54.200000
670000 57.400000
680000 59.400000
690000 58.000000
700000 57.800000
710000 61.400000
720000 59.400000
730000 64.400000
740000 62.200000
750000 62.200000
760000 65.400000
770000 64.200000
780000 64.000000
790000 67.200000
800000 69.200000
810000 69.000000
820000 70.600000
830000 71.200000
840000 70.800000
850000 72.200000
860000 72.400000
870000 73.800000
880000 74.600000
890000 74.200000
900000 76.800000
910000 81.000000
920000 79.400000
930000 80.600000
940000 77.800000
950000 79.800000
960000 82.200000
970000 85.000000
980000 83.600000
990000 83.600000
1000000 81.400000
