10000 2.200000
20000 4.000000
30000 6.000000
40000 8.200000
50000 10.600000
60000 11.000000
70000 12.600000
80000 15.200000
90000 17.400000
100000 20.400000
110000 21.400000
120000 21.600000
130000 23.600000
140000 26.200000
150000 28.600000
160000 30.800000
170000 33.400000
180000 35.400000
190000 38.600000
200000 40.800000
210000 42.400000
220000 44.200000
230000 45.000000
240000 46.800000
250000 47.200000
260000 49.000000
270000 51.400000
280000 54.400000
290000 57.000000
300000 61.400000
310000 62.600000
320000 65.000000
330000 66.000000
340000 70.600000
350000 73.200000
360000 75.200000
370000 77.000000
380000 78.600000
390000 81.200000
400000 84.400000
410000 85.800000
420000 88.000000
430000 88.200000
440000 90.400000
450000 93.200000
460000 92.200000
470000 95.200000
480000 95.800000
490000 97.000000
500000 101.200000
510000 100.600000
520000 104.400000
530000 102.800000
540000 106.200000
550000 108.600000
560000 112.200000
570000 115.000000
580000 116.800000
590000 119.800000
600000 123.400000
610000 126.800000
620000 128.400000
630000 131.800000
640000 135.600000
650000 136.000000
660000 136.600000
670000 140.200000
680000 143.000000
690000 144.200000
700000 148.600000
710000 153.000000
720000 152.600000
730000 156.000000
740000 159.600000
750000 167.200000
760000 164.000000
770000 167.200000
780000 169.200000
790000 169.600000
800000 171.400000
810000 172.400000
820000 174.400000
830000 176.400000
840000 175.800000
850000 178.600000
860000 183.600000
870000 180.600000
880000 183.200000
890000 187.600000
900000 193.000000
910000 188.400000
920000 191.400000
930000 192.800000
940000 195.200000
950000 197.200000
960000 198.800000
970000 199.600000
980000 200.600000
990000 202.000000
1000000 204.400000
