10000 2.400000
20000 4.200000
30000 5.400000
40000 8.000000
50000 9.600000
60000 12.800000
70000 15.400000
80000 17.200000
90000 19.400000
100000 22.800000
110000 24.600000
120000 27.800000
130000 29.600000
140000 31.600000
150000 33.200000
160000 35.400000
170000 38.800000
180000 40.200000
190000 44.000000
200000 46.200000
210000 48.200000
220000 50.600000
230000 53.400000
240000 54.600000
250000 58.000000
260000 60.000000
270000 65.000000
280000 68.000000
290000 69.400000
300000 72.600000
310000 74.200000
320000 76.600000
330000 79.200000
340000 82.400000
350000 83.600000
360000 87.400000
370000 90.000000
380000 93.600000
390000 95.400000
400000 99.000000
410000 102.400000
420000 103.000000
430000 105.400000
440000 109.200000
450000 112.200000
460000 113.800000
470000 117.000000
480000 120.800000
490000 123.200000
500000 127.800000
510000 129.000000
520000 130.600000
530000 133.600000
540000 135.400000
550000 138.200000
560000 140.600000
570000 145.400000
580000 149.400000
590000 150.200000
600000 152.600000
610000 154.600000
620000 159.200000
630000 161.800000
640000 168.400000
650000 169.000000
660000 171.800000
670000 176.600000
680000 177.600000
690000 183.000000
700000 181.600000
710000 184.000000
720000 190.800000
730000 192.200000
740000 194.600000
750000 199.000000
760000 199.800000
770000 203.800000
780000 206.800000
790000 209.000000
800000 214.400000
810000 215.000000
820000 215.200000
830000 216.800000
840000 221.000000
850000 226.200000
860000 229.200000
870000 230.400000
880000 232.200000
890000 235.000000
900000 236.600000
910000 238.200000
920000 243.000000
930000 248.200000
940000 248.200000
950000 261.400000
960000 255.800000
970000 264.200000
980000 261.600000
990000 262.400000
1000000 263.200000
