10000 0.000000
20000 0.800000
30000 0.800000
40000 1.400000
50000 1.600000
60000 2.400000
70000 2.400000
80000 3.000000
90000 3.600000
100000 3.600000
110000 4.200000
120000 4.400000
130000 4.800000
140000 4.200000
150000 5.200000
160000 5.600000
170000 5.800000
180000 7.000000
190000 6.800000
200000 7.000000
210000 7.400000
220000 8.000000
230000 7.600000
240000 8.000000
250000 9.600000
260000 8.800000
270000 9.200000
280000 10.000000
290000 9.800000
300000 10.800000
310000 11.000000
320000 11.200000
330000 11.400000
340000 12.000000
350000 13.200000
360000 12.600000
370000 12.800000
380000 13.400000
390000 13.000000
400000 14.200000
410000 14.400000
420000 15.200000
430000 15.600000
440000 15.400000
450000 15.800000
460000 15.400000
470000 16.600000
480000 17.000000
490000 16.800000
500000 17.000000
510000 18.600000
520000 18.200000
530000 18.600000
540000 19.600000
550000 19.200000
560000 23.000000
570000 24.000000
580000 23.000000
590000 21.200000
600000 24.800000
610000 24.600000
620000 23.800000
630000 25.400000
640000 27.200000
650000 23.400000
660000 22.800000
670000 22.600000
680000 23.800000
690000 24.000000
700000 24.200000
710000 25.000000
720000 25.200000
730000 25.200000
740000 25.200000
750000 26.000000
760000 25.800000
770000 27.400000
780000 27.400000
790000 27.400000
800000 27.600000
810000 28.600000
820000 28.200000
830000 28.200000
840000 28.800000
850000 29.400000
860000 31.000000
870000 30.000000
880000 31.200000
890000 31.000000
900000 31.600000
910000 32.000000
920000 32.600000
930000 32.800000
940000 33.000000
950000 33.400000
960000 33.600000
970000 33.800000
980000 34.200000
990000 34.000000
1000000 34.400000
