10000 1.600000
20000 3.800000
30000 5.800000
40000 7.800000
50000 10.200000
60000 11.600000
70000 14.800000
80000 16.600000
90000 19.800000
100000 21.600000
110000 23.600000
120000 25.800000
130000 29.200000
140000 30.800000
150000 32.800000
160000 35.200000
170000 38.400000
180000 39.800000
190000 42.400000
200000 45.000000
210000 48.200000
220000 50.000000
230000 53.000000
240000 55.200000
250000 57.400000
260000 60.600000
270000 61.200000
280000 65.800000
290000 67.800000
300000 70.600000
310000 73.600000
320000 77.200000
330000 78.600000
340000 81.200000
350000 82.800000
360000 85.800000
370000 90.600000
380000 94.600000
390000 94.400000
400000 96.000000
410000 100.400000
420000 103.400000
430000 107.800000
440000 111.400000
450000 112.000000
460000 115.000000
470000 117.400000
480000 120.600000
490000 123.800000
500000 124.000000
510000 126.400000
520000 129.600000
530000 130.200000
540000 135.800000
550000 140.200000
560000 145.000000
570000 144.000000
580000 145.400000
590000 148.800000
600000 162.000000
610000 174.600000
620000 157.200000
630000 162.200000
640000 165.000000
650000 167.200000
660000 173.400000
670000 171.400000
680000 175.400000
690000 184.000000
700000 183.400000
710000 184.400000
720000 189.400000
730000 207.200000
740000 198.800000
750000 199.400000
760000 199.400000
770000 203.200000
780000 209.000000
790000 215.000000
800000 210.800000
810000 216.600000
820000 218.400000
830000 225.400000
840000 225.600000
850000 241.600000
860000 233.400000
870000 230.400000
880000 232.400000
890000 236.400000
900000 241.200000
910000 245.600000
920000 245.200000
930000 247.600000
940000 249.400000
950000 251.400000
960000 260.000000
970000 261.600000
980000 267.000000
990000 267.800000
1000000 266.600000
