10000 2.400000
20000 3.800000
30000 5.800000
40000 7.800000
50000 11.800000
60000 12.600000
70000 14.800000
80000 17.200000
90000 19.400000
100000 23.200000
110000 23.800000
120000 26.600000
130000 30.200000
140000 30.800000
150000 33.200000
160000 36.600000
170000 39.000000
180000 41.000000
190000 44.600000
200000 46.800000
210000 49.600000
220000 52.000000
230000 53.000000
240000 55.200000
250000 58.200000
260000 62.000000
270000 64.000000
280000 67.000000
290000 69.200000
300000 71.000000
310000 74.800000
320000 79.200000
330000 80.400000
340000 81.600000
350000 83.800000
360000 87.000000
370000 89.200000
380000 92.800000
390000 95.200000
400000 96.800000
410000 100.200000
420000 103.400000
430000 106.200000
440000 108.400000
450000 112.200000
460000 116.200000
470000 117.400000
480000 117.800000
490000 120.200000
500000 125.400000
510000 131.200000
520000 131.200000
530000 138.600000
540000 136.200000
550000 136.400000
560000 141.600000
570000 142.000000
580000 147.000000
590000 152.000000
600000 155.000000
610000 156.400000
620000 158.400000
630000 166.800000
640000 165.000000
650000 167.800000
660000 168.800000
670000 172.800000
680000 173.800000
690000 177.600000
700000 182.800000
710000 184.000000
720000 193.000000
730000 190.200000
740000 195.000000
750000 196.600000
760000 199.400000
770000 200.600000
780000 203.600000
790000 209.200000
800000 209.000000
810000 210.600000
820000 216.800000
830000 218.400000
840000 221.200000
850000 222.600000
860000 226.400000
870000 229.000000
880000 234.200000
890000 235.800000
900000 241.000000
910000 243.200000
920000 247.400000
930000 247.000000
940000 253.200000
950000 259.400000
960000 260.000000
970000 263.000000
980000 261.400000
990000 267.000000
1000000 270.800000
