10000 1.600000
20000 3.800000
30000 5.800000
40000 7.200000
50000 10.000000
60000 11.600000
70000 15.200000
80000 17.000000
90000 19.400000
100000 21.400000
110000 24.000000
120000 26.400000
130000 28.600000
140000 31.000000
150000 33.800000
160000 35.400000
170000 39.000000
180000 41.000000
190000 42.200000
200000 44.800000
210000 46.200000
220000 49.200000
230000 52.000000
240000 54.600000
250000 56.400000
260000 59.800000
270000 62.600000
280000 65.400000
290000 67.000000
300000 69.200000
310000 72.800000
320000 76.000000
330000 77.600000
340000 82.600000
350000 82.400000
360000 84.800000
370000 86.800000
380000 95.200000
390000 92.800000
400000 96.400000
410000 99.800000
420000 103.400000
430000 108.200000
440000 109.000000
450000 112.200000
460000 114.400000
470000 115.200000
480000 116.600000
490000 122.800000
500000 124.000000
510000 126.200000
520000 132.200000
530000 133.000000
540000 135.800000
550000 138.200000
560000 147.000000
570000 155.200000
580000 150.400000
590000 148.800000
600000 152.200000
610000 152.600000
620000 156.000000
630000 159.000000
640000 160.200000
650000 165.000000
660000 174.200000
670000 172.600000
680000 174.200000
690000 178.800000
700000 178.400000
710000 185.000000
720000 186.200000
730000 194.000000
740000 190.400000
750000 194.200000
760000 198.200000
770000 202.800000
780000 204.600000
790000 203.800000
800000 208.800000
810000 210.400000
820000 217.400000
830000 215.000000
840000 219.000000
850000 226.200000
860000 228.800000
870000 228.600000
880000 230.200000
890000 235.200000
900000 238.800000
910000 252.000000
920000 239.800000
930000 239.800000
940000 254.800000
950000 251.600000
960000 254.000000
970000 255.200000
980000 257.800000
990000 270.000000
1000000 261.600000
