10000 1.800000
20000 4.800000
30000 7.800000
40000 9.200000
50000 12.400000
60000 15.000000
70000 16.200000
80000 18.600000
90000 22.800000
100000 24.800000
110000 26.800000
120000 30.000000
130000 31.600000
140000 34.200000
150000 37.000000
160000 39.800000
170000 43.000000
180000 45.000000
190000 47.400000
200000 50.200000
210000 54.000000
220000 56.800000
230000 58.600000
240000 61.400000
250000 65.000000
260000 69.400000
270000 73.800000
280000 76.800000
290000 78.200000
300000 82.200000
310000 83.600000
320000 88.200000
330000 89.600000
340000 94.800000
350000 96.000000
360000 107.200000
370000 103.800000
380000 106.000000
390000 109.800000
400000 112.400000
410000 115.400000
420000 119.000000
430000 120.800000
440000 126.200000
450000 127.400000
460000 132.000000
470000 134.200000
480000 137.400000
490000 141.200000
500000 144.200000
510000 147.400000
520000 151.400000
530000 153.600000
540000 157.800000
550000 162.000000
560000 165.200000
570000 167.600000
580000 176.000000
590000 175.400000
600000 178.600000
610000 178.800000
620000 185.000000
630000 187.200000
640000 192.000000
650000 193.400000
660000 195.000000
670000 198.200000
680000 203.400000
690000 207.200000
700000 209.600000
710000 211.800000
720000 216.000000
730000 228.000000
740000 229.400000
750000 244.200000
760000 390.400000
770000 383.800000
780000 383.400000
790000 400.000000
800000 415.000000
810000 422.800000
820000 273.200000
830000 257.600000
840000 255.000000
850000 264.000000
860000 266.000000
870000 269.400000
880000 273.200000
890000 274.600000
900000 277.800000
910000 277.600000
920000 283.800000
930000 283.800000
940000 288.600000
950000 292.600000
960000 294.200000
970000 300.400000
980000 305.600000
990000 311.200000
1000000 313.400000
