10000 0.400000
20000 0.800000
30000 0.000000
40000 3.600000
50000 4.800000
60000 8.000000
70000 4.800000
80000 8.800000
90000 8.000000
100000 9.200000
110000 12.800000
120000 16.200000
130000 13.800000
140000 12.400000
150000 12.800000
160000 16.000000
170000 16.600000
180000 24.200000
190000 17.400000
200000 18.400000
210000 24.200000
220000 21.400000
230000 20.800000
240000 24.000000
250000 23.600000
260000 24.600000
270000 23.600000
280000 30.400000
290000 27.200000
300000 24.800000
310000 30.200000
320000 30.000000
330000 31.800000
340000 33.600000
350000 33.600000
360000 37.400000
370000 35.800000
380000 38.600000
390000 37.000000
400000 40.000000
410000 40.400000
420000 42.400000
430000 49.400000
440000 42.800000
450000 42.600000
460000 44.800000
470000 46.600000
480000 45.200000
490000 49.200000
500000 49.600000
510000 51.400000
520000 50.000000
530000 51.600000
540000 53.200000
550000 54.200000
560000 53.400000
570000 55.800000
580000 56.600000
590000 57.800000
600000 57.800000
610000 59.200000
620000 59.800000
630000 60.800000
640000 63.000000
650000 62.600000
660000 65.600000
670000 64.000000
680000 65.600000
690000 69.400000
700000 67.600000
710000 69.200000
720000 68.600000
730000 70.000000
740000 73.600000
750000 73.800000
760000 73.600000
770000 76.000000
780000 73.600000
790000 72.800000
800000 77.200000
810000 75.200000
820000 79.600000
830000 79.400000
840000 79.600000
850000 82.800000
860000 85.400000
870000 82.000000
880000 82.200000
890000 86.600000
900000 86.600000
910000 87.600000
920000 86.400000
930000 93.000000
940000 92.000000
950000 90.400000
960000 96.600000
970000 95.600000
980000 95.000000
990000 96.200000
1000000 98.200000
