10000 0.400000
20000 1.000000
30000 1.400000
40000 1.800000
50000 2.000000
60000 2.600000
70000 3.200000
80000 3.000000
90000 3.400000
100000 4.000000
110000 4.000000
120000 4.000000
130000 4.800000
140000 5.000000
150000 5.600000
160000 6.600000
170000 6.600000
180000 6.600000
190000 7.600000
200000 8.000000
210000 8.400000
220000 8.200000
230000 9.200000
240000 9.600000
250000 9.200000
260000 9.800000
270000 10.600000
280000 10.600000
290000 11.000000
300000 11.600000
310000 11.600000
320000 12.600000
330000 12.600000
340000 13.200000
350000 13.400000
360000 13.400000
370000 14.800000
380000 14.800000
390000 15.000000
400000 16.200000
410000 15.400000
420000 16.000000
430000 16.400000
440000 16.400000
450000 17.600000
460000 17.000000
470000 18.600000
480000 18.800000
490000 19.000000
500000 19.600000
510000 20.000000
520000 19.800000
530000 19.600000
540000 21.200000
550000 21.000000
560000 21.000000
570000 21.400000
580000 23.000000
590000 22.400000
600000 23.400000
610000 23.600000
620000 23.200000
630000 23.600000
640000 24.200000
650000 25.600000
660000 25.200000
670000 26.000000
680000 27.200000
690000 26.800000
700000 27.200000
710000 26.800000
720000 27.200000
730000 28.200000
740000 28.600000
750000 29.400000
760000 30.000000
770000 28.800000
780000 29.600000
790000 29.800000
800000 31.200000
810000 31.200000
820000 31.000000
830000 32.000000
840000 33.000000
850000 32.400000
860000 33.000000
870000 32.800000
880000 33.600000
890000 34.000000
900000 33.800000
910000 34.200000
920000 35.400000
930000 35.400000
940000 35.400000
950000 35.800000
960000 36.000000
970000 37.000000
980000 37.800000
990000 37.400000
1000000 38.800000
