10000 1.200000
20000 2.200000
30000 3.800000
40000 4.400000
50000 5.600000
60000 7.400000
70000 9.000000
80000 9.400000
90000 10.600000
100000 12.600000
110000 12.600000
120000 14.200000
130000 15.400000
140000 16.400000
150000 18.000000
160000 19.000000
170000 19.200000
180000 21.000000
190000 21.800000
200000 23.800000
210000 24.400000
220000 25.400000
230000 26.400000
240000 27.400000
250000 29.000000
260000 30.800000
270000 30.800000
280000 32.400000
290000 33.200000
300000 34.200000
310000 35.600000
320000 37.000000
330000 37.400000
340000 39.600000
350000 40.200000
360000 41.400000
370000 41.200000
380000 41.600000
390000 45.400000
400000 46.200000
410000 47.200000
420000 47.000000
430000 48.800000
440000 51.400000
450000 51.800000
460000 52.400000
470000 54.200000
480000 55.000000
490000 54.800000
500000 56.000000
510000 58.600000
520000 60.200000
530000 61.600000
540000 61.000000
550000 63.000000
560000 63.800000
570000 65.400000
580000 66.800000
590000 67.800000
600000 68.600000
610000 69.800000
620000 70.000000
630000 72.600000
640000 72.400000
650000 75.800000
660000 73.200000
670000 74.800000
680000 76.200000
690000 80.000000
700000 79.400000
710000 82.400000
720000 83.400000
730000 82.800000
740000 81.600000
750000 86.400000
760000 87.600000
770000 90.000000
780000 88.000000
790000 89.800000
800000 91.800000
810000 92.200000
820000 94.200000
830000 95.400000
840000 93.400000
850000 96.200000
860000 98.800000
870000 97.600000
880000 102.600000
890000 100.000000
900000 106.000000
910000 106.800000
920000 106.000000
930000 106.200000
940000 106.600000
950000 110.000000
960000 109.000000
970000 112.000000
980000 112.200000
990000 113.400000
1000000 114.200000
