10000 0.800000
20000 2.800000
30000 3.800000
40000 4.400000
50000 5.800000
60000 7.200000
70000 8.400000
80000 9.200000
90000 10.200000
100000 10.600000
110000 11.600000
120000 13.000000
130000 14.400000
140000 15.200000
150000 16.000000
160000 16.800000
170000 19.000000
180000 19.200000
190000 20.600000
200000 23.000000
210000 21.800000
220000 23.200000
230000 24.200000
240000 25.800000
250000 26.000000
260000 26.800000
270000 29.000000
280000 29.800000
290000 30.600000
300000 31.800000
310000 32.200000
320000 34.000000
330000 36.200000
340000 36.000000
350000 37.400000
360000 38.200000
370000 39.000000
380000 42.400000
390000 41.600000
400000 42.200000
410000 43.800000
420000 45.600000
430000 45.800000
440000 47.800000
450000 48.600000
460000 50.600000
470000 50.000000
480000 54.200000
490000 54.200000
500000 54.200000
510000 55.000000
520000 56.000000
530000 56.000000
540000 58.200000
550000 60.000000
560000 59.600000
570000 60.200000
580000 62.400000
590000 62.200000
600000 64.000000
610000 64.400000
620000 66.000000
630000 66.800000
640000 68.200000
650000 69.400000
660000 70.200000
670000 70.200000
680000 73.200000
690000 72.400000
700000 76.800000
710000 76.800000
720000 78.000000
730000 78.000000
740000 77.400000
750000 79.200000
760000 80.800000
770000 80.800000
780000 83.000000
790000 86.000000
800000 84.000000
810000 86.400000
820000 86.600000
830000 89.000000
840000 90.400000
850000 91.000000
860000 92.000000
870000 94.200000
880000 94.000000
890000 97.000000
900000 97.000000
910000 96.000000
920000 97.800000
930000 100.800000
940000 101.200000
950000 101.000000
960000 101.200000
970000 103.400000
980000 105.000000
990000 104.400000
1000000 106.600000
