10000 1.000000
20000 2.400000
30000 3.600000
40000 4.600000
50000 5.800000
60000 7.200000
70000 8.000000
80000 9.400000
90000 10.400000
100000 12.200000
110000 13.600000
120000 14.600000
130000 16.200000
140000 17.200000
150000 18.400000
160000 20.600000
170000 20.800000
180000 22.400000
190000 23.400000
200000 25.400000
210000 26.200000
220000 28.400000
230000 29.200000
240000 30.200000
250000 32.600000
260000 33.400000
270000 33.600000
280000 38.000000
290000 36.800000
300000 38.000000
310000 38.400000
320000 41.200000
330000 42.800000
340000 43.400000
350000 44.800000
360000 45.400000
370000 48.800000
380000 48.400000
390000 52.800000
400000 54.200000
410000 57.600000
420000 54.600000
430000 55.400000
440000 57.800000
450000 58.400000
460000 60.600000
470000 60.800000
480000 62.400000
490000 64.800000
500000 69.000000
510000 64.800000
520000 67.800000
530000 71.800000
540000 72.800000
550000 72.800000
560000 75.200000
570000 75.400000
580000 78.400000
590000 78.000000
600000 81.000000
610000 81.400000
620000 82.800000
630000 83.600000
640000 85.600000
650000 88.000000
660000 90.200000
670000 90.600000
680000 89.200000
690000 91.000000
700000 94.800000
710000 96.000000
720000 95.800000
730000 97.400000
740000 100.200000
750000 99.600000
760000 102.000000
770000 105.800000
780000 105.600000
790000 108.600000
800000 110.000000
810000 111.000000
820000 112.000000
830000 118.000000
840000 115.800000
850000 119.400000
860000 120.000000
870000 119.800000
880000 119.600000
890000 126.600000
900000 130.000000
910000 132.800000
920000 127.800000
930000 131.000000
940000 133.200000
950000 137.600000
960000 135.200000
970000 135.000000
980000 140.200000
990000 138.400000
1000000 146.800000
