10000 1.200000
20000 2.200000
30000 4.200000
40000 4.800000
50000 6.200000
60000 7.200000
70000 8.800000
80000 10.000000
90000 11.600000
100000 11.600000
110000 12.400000
120000 13.600000
130000 15.000000
140000 16.800000
150000 18.400000
160000 19.200000
170000 20.200000
180000 21.400000
190000 22.000000
200000 25.200000
210000 25.400000
220000 27.200000
230000 27.600000
240000 28.600000
250000 31.000000
260000 33.000000
270000 33.000000
280000 35.200000
290000 36.000000
300000 37.000000
310000 39.200000
320000 43.600000
330000 46.400000
340000 43.200000
350000 46.000000
360000 46.400000
370000 48.800000
380000 49.600000
390000 52.000000
400000 54.400000
410000 55.200000
420000 57.000000
430000 58.600000
440000 60.000000
450000 61.800000
460000 66.800000
470000 65.200000
480000 66.200000
490000 68.400000
500000 69.000000
510000 70.200000
520000 72.200000
530000 73.800000
540000 76.000000
550000 77.600000
560000 79.200000
570000 82.800000
580000 84.200000
590000 84.400000
600000 87.600000
610000 90.200000
620000 89.800000
630000 92.400000
640000 94.400000
650000 97.200000
660000 99.400000
670000 99.200000
680000 100.200000
690000 104.000000
700000 105.600000
710000 110.800000
720000 108.600000
730000 112.000000
740000 113.200000
750000 116.600000
760000 116.800000
770000 119.000000
780000 120.200000
790000 123.200000
800000 123.800000
810000 127.800000
820000 132.400000
830000 132.600000
840000 133.400000
850000 137.000000
860000 139.000000
870000 140.000000
880000 138.600000
890000 141.600000
900000 145.800000
910000 150.000000
920000 151.000000
930000 158.200000
940000 156.800000
950000 155.000000
960000 157.400000
970000 162.200000
980000 165.600000
990000 165.800000
1000000 171.600000
